<?xml version="1.0" encoding="UTF-8"?>
<!-- Generated by org.testng.reporters.JUnitReportReporter -->
<testsuite hostname="DESKTOP-D965UOJ" failures="0" tests="1" name="Day11_05162020.googleSearch_testNG" time="9.897" errors="0" timestamp="2020-05-17T12:52:31 EDT" skipped="0">
  <testcase classname="Day11_05162020.googleSearch_testNG" name="googleSearch" time="9.897"/>
  <system-out>
Entering a value on element search field My search number for car is 1,520,000,000 Entering a value on element search field My search number for car is 1,650,000,000  </system-out>
</testsuite> <!-- Day11_05162020.googleSearch_testNG -->
